<?xml version="1.0" encoding="UTF-8"?>
<testsuite xmlns:xsi="http://www.w3.org/2001/XMLSchema-instance" xsi:noNamespaceSchemaLocation="https://maven.apache.org/surefire/maven-surefire-plugin/xsd/surefire-test-report.xsd" version="3.0.2" name="com.campus360.controller.StudySessionControllerTest" time="0.177" tests="8" errors="0" skipped="0" failures="0" flakes="0">
  <properties>
[...]
</properties>
  <testcase name="testGetSessionById" classname="com.campus360.controller.StudySessionControllerTest" time="0.055">
    <system-out><![CDATA[01:43:46.365 [main] INFO org.springframework.mock.web.MockServletContext -- Initializing Spring TestDispatcherServlet ''
01:43:46.365 [main] INFO org.springframework.test.web.servlet.TestDispatcherServlet -- Initializing Servlet ''
01:43:46.366 [main] INFO org.springframework.test.web.servlet.TestDispatcherServlet -- Completed initialization in 1 ms
]]></system-out>
  </testcase>
  <testcase name="testUpdateSession" classname="com.campus360.controller.StudySessionControllerTest" time="0.026">
    <system-out><![CDATA[01:43:46.383 [main] INFO org.springframework.mock.web.MockServletContext -- Initializing Spring TestDispatcherServlet ''
01:43:46.383 [main] INFO org.springframework.test.web.servlet.TestDispatcherServlet -- Initializing Servlet ''
01:43:46.384 [main] INFO org.springframework.test.web.servlet.TestDispatcherServlet -- Completed initialization in 1 ms
]]></system-out>
  </testcase>
  <testcase name="testJoinSession" classname="com.campus360.controller.StudySessionControllerTest" time="0.017">
    <system-out><![CDATA[01:43:46.410 [main] INFO org.springframework.mock.web.MockServletContext -- Initializing Spring TestDispatcherServlet ''
01:43:46.411 [main] INFO org.springframework.test.web.servlet.TestDispatcherServlet -- Initializing Servlet ''
01:43:46.411 [main] INFO org.springframework.test.web.servlet.TestDispatcherServlet -- Completed initialization in 0 ms
]]></system-out>
  </testcase>
  <testcase name="testDeleteSession" classname="com.campus360.controller.StudySessionControllerTest" time="0.015">
    <system-out><![CDATA[01:43:46.428 [main] INFO org.springframework.mock.web.MockServletContext -- Initializing Spring TestDispatcherServlet ''
01:43:46.428 [main] INFO org.springframework.test.web.servlet.TestDispatcherServlet -- Initializing Servlet ''
01:43:46.428 [main] INFO org.springframework.test.web.servlet.TestDispatcherServlet -- Completed initialization in 0 ms
]]></system-out>
  </testcase>
  <testcase name="testGetParticipants" classname="com.campus360.controller.StudySessionControllerTest" time="0.018">
    <system-out><![CDATA[01:43:46.442 [main] INFO org.springframework.mock.web.MockServletContext -- Initializing Spring TestDispatcherServlet ''
01:43:46.443 [main] INFO org.springframework.test.web.servlet.TestDispatcherServlet -- Initializing Servlet ''
01:43:46.443 [main] INFO org.springframework.test.web.servlet.TestDispatcherServlet -- Completed initialization in 0 ms
]]></system-out>
  </testcase>
  <testcase name="testGetAllSessions" classname="com.campus360.controller.StudySessionControllerTest" time="0.013">
    <system-out><![CDATA[01:43:46.461 [main] INFO org.springframework.mock.web.MockServletContext -- Initializing Spring TestDispatcherServlet ''
01:43:46.462 [main] INFO org.springframework.test.web.servlet.TestDispatcherServlet -- Initializing Servlet ''
01:43:46.462 [main] INFO org.springframework.test.web.servlet.TestDispatcherServlet -- Completed initialization in 0 ms
]]></system-out>
  </testcase>
  <testcase name="testLeaveSession" classname="com.campus360.controller.StudySessionControllerTest" time="0.012">
    <system-out><![CDATA[01:43:46.473 [main] INFO org.springframework.mock.web.MockServletContext -- Initializing Spring TestDispatcherServlet ''
01:43:46.473 [main] INFO org.springframework.test.web.servlet.TestDispatcherServlet -- Initializing Servlet ''
01:43:46.473 [main] INFO org.springframework.test.web.servlet.TestDispatcherServlet -- Completed initialization in 0 ms
]]></system-out>
  </testcase>
  <testcase name="testCreateSession" classname="com.campus360.controller.StudySessionControllerTest" time="0.016">
    <system-out><![CDATA[01:43:46.485 [main] INFO org.springframework.mock.web.MockServletContext -- Initializing Spring TestDispatcherServlet ''
01:43:46.485 [main] INFO org.springframework.test.web.servlet.TestDispatcherServlet -- Initializing Servlet ''
01:43:46.485 [main] INFO org.springframework.test.web.servlet.TestDispatcherServlet -- Completed initialization in 0 ms
]]></system-out>
  </testcase>
</testsuite>